Exec: dockbuild.sh
   started at Fri Jan 5 05:18:08 EST 2024
+ docker build --build-arg=devuid=501 -t oar-pdr-py/pyenv pyenv
#0 building with "desktop-linux" instance using docker driver

#1 [internal] load .dockerignore
#1 transferring context: 2B done
#1 DONE 0.0s

#2 [internal] load build definition from Dockerfile
#2 transferring dockerfile: 1.76kB done
#2 DONE 0.0s

#3 [internal] load metadata for docker.io/oar-metadata/ejsonschema:latest
#3 DONE 0.0s

#4 [1/8] FROM docker.io/oar-metadata/ejsonschema
#4 DONE 0.0s

#5 [6/8] RUN grep -qs :501: /etc/group ||     groupadd --gid 501 developer
#5 CACHED

#6 [4/8] RUN multibag_ver=0.3 &&     curl -L -o multibag-py.zip     https://github.com/usnistgov/multibag-py/archive/$multibag_ver.zip &&     unzip -oq multibag-py.zip &&     cd multibag-py-$multibag_ver &&     echo __version__ = $multibag_ver >> multibag/__init__.py &&     python setup.py install --install-purelib=/usr/local/lib/python3.8/dist-packages
#6 CACHED

#7 [3/8] RUN pip install funcsigs 'bagit>=1.6.3,<2.0' 'fs>=2.0.21' jsonpatch mako pyjwt
#7 CACHED

#8 [5/8] RUN sed --in-place -e '/CREATE_MAIL_SPOOL/ s/=yes/=no/' /etc/default/useradd
#8 CACHED

#9 [7/8] RUN grep -Pqs ":501:\d+:" /etc/passwd ||     useradd -m --comment "OAR Developer" --shell /bin/bash             --gid 501 --uid 501 developer
#9 CACHED

#10 [2/8] RUN apt-get update && apt-get install -y python-yaml curl wget less sudo zip                                          p7zip-full ca-certificates git
#10 CACHED

#11 [8/8] RUN echo developer "ALL=(ALL)" NOPASSWD:ALL > /etc/sudoers.d/90-developers
#11 CACHED

#12 exporting to image
#12 exporting layers done
#12 writing image sha256:4382898788bc7128518c6f99652c3cae839198c8150e266260354726f5914977 done
#12 naming to docker.io/oar-pdr-py/pyenv done
#12 DONE 0.0s

What's Next?
  View summary of image vulnerabilities and recommendations → docker scout quickview
+ docker build --build-arg=devuid=501 -t oar-pdr-py/pdrpytest pdrpytest
